c:\users\sub-z\onedrive\documents\visual studio 2019\projects\of_v0.11.0_vs2017_release\apps\myapps\infographie_v2\obj\x64\debug\car.obj
c:\users\sub-z\onedrive\documents\visual studio 2019\projects\of_v0.11.0_vs2017_release\apps\myapps\infographie_v2\obj\x64\debug\ofxdatguicomponent.obj
c:\users\sub-z\onedrive\documents\visual studio 2019\projects\of_v0.11.0_vs2017_release\apps\myapps\infographie_v2\obj\x64\debug\ofxcolorpicker.obj
c:\users\sub-z\onedrive\documents\visual studio 2019\projects\of_v0.11.0_vs2017_release\apps\myapps\infographie_v2\obj\x64\debug\ofxcvfloatimage.obj
c:\users\sub-z\onedrive\documents\visual studio 2019\projects\of_v0.11.0_vs2017_release\apps\myapps\infographie_v2\obj\x64\debug\square.obj
c:\users\sub-z\onedrive\documents\visual studio 2019\projects\of_v0.11.0_vs2017_release\apps\myapps\infographie_v2\obj\x64\debug\ofxassimptexture.obj
c:\users\sub-z\onedrive\documents\visual studio 2019\projects\of_v0.11.0_vs2017_release\apps\myapps\infographie_v2\obj\x64\debug\ofxgaxislabel.obj
c:\users\sub-z\onedrive\documents\visual studio 2019\projects\of_v0.11.0_vs2017_release\apps\myapps\infographie_v2\obj\x64\debug\ofxlabel.obj
c:\users\sub-z\onedrive\documents\visual studio 2019\projects\of_v0.11.0_vs2017_release\apps\myapps\infographie_v2\obj\x64\debug\ofxcvgrayscaleimage.obj
c:\users\sub-z\onedrive\documents\visual studio 2019\projects\of_v0.11.0_vs2017_release\apps\myapps\infographie_v2\obj\x64\debug\main.obj
c:\users\sub-z\onedrive\documents\visual studio 2019\projects\of_v0.11.0_vs2017_release\apps\myapps\infographie_v2\obj\x64\debug\ofxdatgui.obj
c:\users\sub-z\onedrive\documents\visual studio 2019\projects\of_v0.11.0_vs2017_release\apps\myapps\infographie_v2\obj\x64\debug\ofxslider.obj
c:\users\sub-z\onedrive\documents\visual studio 2019\projects\of_v0.11.0_vs2017_release\apps\myapps\infographie_v2\obj\x64\debug\constantes.obj
c:\users\sub-z\onedrive\documents\visual studio 2019\projects\of_v0.11.0_vs2017_release\apps\myapps\infographie_v2\obj\x64\debug\tree.obj
c:\users\sub-z\onedrive\documents\visual studio 2019\projects\of_v0.11.0_vs2017_release\apps\myapps\infographie_v2\obj\x64\debug\ofxassimpmodelloader.obj
c:\users\sub-z\onedrive\documents\visual studio 2019\projects\of_v0.11.0_vs2017_release\apps\myapps\infographie_v2\obj\x64\debug\ofxguigroup.obj
c:\users\sub-z\onedrive\documents\visual studio 2019\projects\of_v0.11.0_vs2017_release\apps\myapps\infographie_v2\obj\x64\debug\datgui.obj
c:\users\sub-z\onedrive\documents\visual studio 2019\projects\of_v0.11.0_vs2017_release\apps\myapps\infographie_v2\obj\x64\debug\ofxgaxis.obj
c:\users\sub-z\onedrive\documents\visual studio 2019\projects\of_v0.11.0_vs2017_release\apps\myapps\infographie_v2\obj\x64\debug\ofxinputfield.obj
c:\users\sub-z\onedrive\documents\visual studio 2019\projects\of_v0.11.0_vs2017_release\apps\myapps\infographie_v2\obj\x64\debug\shape.obj
c:\users\sub-z\onedrive\documents\visual studio 2019\projects\of_v0.11.0_vs2017_release\apps\myapps\infographie_v2\obj\x64\debug\ofxassimpanimation.obj
c:\users\sub-z\onedrive\documents\visual studio 2019\projects\of_v0.11.0_vs2017_release\apps\myapps\infographie_v2\obj\x64\debug\ofxghistogram.obj
c:\users\sub-z\onedrive\documents\visual studio 2019\projects\of_v0.11.0_vs2017_release\apps\myapps\infographie_v2\obj\x64\debug\ofxpanel.obj
c:\users\sub-z\onedrive\documents\visual studio 2019\projects\of_v0.11.0_vs2017_release\apps\myapps\infographie_v2\obj\x64\debug\ofxcvshortimage.obj
c:\users\sub-z\onedrive\documents\visual studio 2019\projects\of_v0.11.0_vs2017_release\apps\myapps\infographie_v2\obj\x64\debug\circle.obj
c:\users\sub-z\onedrive\documents\visual studio 2019\projects\of_v0.11.0_vs2017_release\apps\myapps\infographie_v2\obj\x64\debug\ofxassimpmeshhelper.obj
c:\users\sub-z\onedrive\documents\visual studio 2019\projects\of_v0.11.0_vs2017_release\apps\myapps\infographie_v2\obj\x64\debug\ofxbasegui.obj
c:\users\sub-z\onedrive\documents\visual studio 2019\projects\of_v0.11.0_vs2017_release\apps\myapps\infographie_v2\obj\x64\debug\ofxcvhaarfinder.obj
c:\users\sub-z\onedrive\documents\visual studio 2019\projects\of_v0.11.0_vs2017_release\apps\myapps\infographie_v2\obj\x64\debug\house.obj
c:\users\sub-z\onedrive\documents\visual studio 2019\projects\of_v0.11.0_vs2017_release\apps\myapps\infographie_v2\obj\x64\debug\ofxcubemap.obj
c:\users\sub-z\onedrive\documents\visual studio 2019\projects\of_v0.11.0_vs2017_release\apps\myapps\infographie_v2\obj\x64\debug\ofxbutton.obj
c:\users\sub-z\onedrive\documents\visual studio 2019\projects\of_v0.11.0_vs2017_release\apps\myapps\infographie_v2\obj\x64\debug\ofxcvcontourfinder.obj
c:\users\sub-z\onedrive\documents\visual studio 2019\projects\of_v0.11.0_vs2017_release\apps\myapps\infographie_v2\obj\x64\debug\dot.obj
c:\users\sub-z\onedrive\documents\visual studio 2019\projects\of_v0.11.0_vs2017_release\apps\myapps\infographie_v2\obj\x64\debug\triangle.obj
c:\users\sub-z\onedrive\documents\visual studio 2019\projects\of_v0.11.0_vs2017_release\apps\myapps\infographie_v2\obj\x64\debug\ofxgtitle.obj
c:\users\sub-z\onedrive\documents\visual studio 2019\projects\of_v0.11.0_vs2017_release\apps\myapps\infographie_v2\obj\x64\debug\ofxcvimage.obj
c:\users\sub-z\onedrive\documents\visual studio 2019\projects\of_v0.11.0_vs2017_release\apps\myapps\infographie_v2\obj\x64\debug\line.obj
c:\users\sub-z\onedrive\documents\visual studio 2019\projects\of_v0.11.0_vs2017_release\apps\myapps\infographie_v2\obj\x64\debug\ofxsmartfont.obj
c:\users\sub-z\onedrive\documents\visual studio 2019\projects\of_v0.11.0_vs2017_release\apps\myapps\infographie_v2\obj\x64\debug\ofxgpoint.obj
c:\users\sub-z\onedrive\documents\visual studio 2019\projects\of_v0.11.0_vs2017_release\apps\myapps\infographie_v2\obj\x64\debug\ofxcvcolorimage.obj
c:\users\sub-z\onedrive\documents\visual studio 2019\projects\of_v0.11.0_vs2017_release\apps\myapps\infographie_v2\obj\x64\debug\ofapp3d.obj
c:\users\sub-z\onedrive\documents\visual studio 2019\projects\of_v0.11.0_vs2017_release\apps\myapps\infographie_v2\obj\x64\debug\ofxglayer.obj
c:\users\sub-z\onedrive\documents\visual studio 2019\projects\of_v0.11.0_vs2017_release\apps\myapps\infographie_v2\obj\x64\debug\ofxslidergroup.obj
c:\users\sub-z\onedrive\documents\visual studio 2019\projects\of_v0.11.0_vs2017_release\apps\myapps\infographie_v2\obj\x64\debug\ofapp.obj
c:\users\sub-z\onedrive\documents\visual studio 2019\projects\of_v0.11.0_vs2017_release\apps\myapps\infographie_v2\obj\x64\debug\ofxgplot.obj
c:\users\sub-z\onedrive\documents\visual studio 2019\projects\of_v0.11.0_vs2017_release\apps\myapps\infographie_v2\obj\x64\debug\ofxtoggle.obj
c:\users\sub-z\onedrive\documents\visual studio 2019\projects\of_v0.11.0_vs2017_release\apps\myapps\infographie_v2\obj\x64\debug\vc142.pdb
c:\users\sub-z\onedrive\documents\visual studio 2019\projects\of_v0.11.0_vs2017_release\apps\myapps\infographie_v2\obj\x64\debug\catmullrom.obj
c:\users\sub-z\onedrive\documents\visual studio 2019\projects\of_v0.11.0_vs2017_release\apps\myapps\infographie_v2\obj\x64\debug\filtermanager.obj
c:\users\sub-z\onedrive\documents\visual studio 2019\projects\of_v0.11.0_vs2017_release\apps\myapps\infographie_v2\obj\x64\debug\illumination.obj
c:\users\sub-z\onedrive\documents\visual studio 2019\projects\of_v0.11.0_vs2017_release\apps\myapps\infographie_v2\obj\x64\debug\texturegenerator.obj
c:\users\sub-z\onedrive\documents\visual studio 2019\projects\of_v0.11.0_vs2017_release\apps\myapps\infographie_v2\obj\x64\debug\surface.obj
c:\users\sub-z\onedrive\documents\visual studio 2019\projects\of_v0.11.0_vs2017_release\apps\myapps\infographie_v2\bin\infographie_v2_debug.lib
c:\users\sub-z\onedrive\documents\visual studio 2019\projects\of_v0.11.0_vs2017_release\apps\myapps\infographie_v2\bin\infographie_v2_debug.exp
c:\users\sub-z\onedrive\documents\visual studio 2019\projects\of_v0.11.0_vs2017_release\apps\myapps\infographie_v2\bin\infographie_v2_debug.exe
c:\users\sub-z\onedrive\documents\visual studio 2019\projects\of_v0.11.0_vs2017_release\apps\myapps\infographie_v2\bin\infographie_v2_debug.ilk
c:\users\sub-z\onedrive\documents\visual studio 2019\projects\of_v0.11.0_vs2017_release\apps\myapps\infographie_v2\bin\infographie_v2_debug.pdb
c:\users\sub-z\onedrive\documents\visual studio 2019\projects\of_v0.11.0_vs2017_release\apps\myapps\infographie_v2\obj\x64\debug\icon.res
c:\users\sub-z\onedrive\documents\visual studio 2019\projects\of_v0.11.0_vs2017_release\apps\myapps\infographie_v2\obj\x64\debug\infographie_v2.tlog\cl.command.1.tlog
c:\users\sub-z\onedrive\documents\visual studio 2019\projects\of_v0.11.0_vs2017_release\apps\myapps\infographie_v2\obj\x64\debug\infographie_v2.tlog\cl.read.1.tlog
c:\users\sub-z\onedrive\documents\visual studio 2019\projects\of_v0.11.0_vs2017_release\apps\myapps\infographie_v2\obj\x64\debug\infographie_v2.tlog\cl.write.1.tlog
c:\users\sub-z\onedrive\documents\visual studio 2019\projects\of_v0.11.0_vs2017_release\apps\myapps\infographie_v2\obj\x64\debug\infographie_v2.tlog\infographie_v2.write.1u.tlog
c:\users\sub-z\onedrive\documents\visual studio 2019\projects\of_v0.11.0_vs2017_release\apps\myapps\infographie_v2\obj\x64\debug\infographie_v2.tlog\link.16560.delete.1.tlog
c:\users\sub-z\onedrive\documents\visual studio 2019\projects\of_v0.11.0_vs2017_release\apps\myapps\infographie_v2\obj\x64\debug\infographie_v2.tlog\link.21232.delete.1.tlog
c:\users\sub-z\onedrive\documents\visual studio 2019\projects\of_v0.11.0_vs2017_release\apps\myapps\infographie_v2\obj\x64\debug\infographie_v2.tlog\link.24768.delete.1.tlog
c:\users\sub-z\onedrive\documents\visual studio 2019\projects\of_v0.11.0_vs2017_release\apps\myapps\infographie_v2\obj\x64\debug\infographie_v2.tlog\link.26660.delete.1.tlog
c:\users\sub-z\onedrive\documents\visual studio 2019\projects\of_v0.11.0_vs2017_release\apps\myapps\infographie_v2\obj\x64\debug\infographie_v2.tlog\link.29872.delete.1.tlog
c:\users\sub-z\onedrive\documents\visual studio 2019\projects\of_v0.11.0_vs2017_release\apps\myapps\infographie_v2\obj\x64\debug\infographie_v2.tlog\link.30044.delete.1.tlog
c:\users\sub-z\onedrive\documents\visual studio 2019\projects\of_v0.11.0_vs2017_release\apps\myapps\infographie_v2\obj\x64\debug\infographie_v2.tlog\link.31048.delete.1.tlog
c:\users\sub-z\onedrive\documents\visual studio 2019\projects\of_v0.11.0_vs2017_release\apps\myapps\infographie_v2\obj\x64\debug\infographie_v2.tlog\link.33264.delete.1.tlog
c:\users\sub-z\onedrive\documents\visual studio 2019\projects\of_v0.11.0_vs2017_release\apps\myapps\infographie_v2\obj\x64\debug\infographie_v2.tlog\link.34128.delete.1.tlog
c:\users\sub-z\onedrive\documents\visual studio 2019\projects\of_v0.11.0_vs2017_release\apps\myapps\infographie_v2\obj\x64\debug\infographie_v2.tlog\link.34328.delete.1.tlog
c:\users\sub-z\onedrive\documents\visual studio 2019\projects\of_v0.11.0_vs2017_release\apps\myapps\infographie_v2\obj\x64\debug\infographie_v2.tlog\link.36128.delete.1.tlog
c:\users\sub-z\onedrive\documents\visual studio 2019\projects\of_v0.11.0_vs2017_release\apps\myapps\infographie_v2\obj\x64\debug\infographie_v2.tlog\link.38772.delete.1.tlog
c:\users\sub-z\onedrive\documents\visual studio 2019\projects\of_v0.11.0_vs2017_release\apps\myapps\infographie_v2\obj\x64\debug\infographie_v2.tlog\link.40076.delete.1.tlog
c:\users\sub-z\onedrive\documents\visual studio 2019\projects\of_v0.11.0_vs2017_release\apps\myapps\infographie_v2\obj\x64\debug\infographie_v2.tlog\link.42468.delete.1.tlog
c:\users\sub-z\onedrive\documents\visual studio 2019\projects\of_v0.11.0_vs2017_release\apps\myapps\infographie_v2\obj\x64\debug\infographie_v2.tlog\link.44948.delete.1.tlog
c:\users\sub-z\onedrive\documents\visual studio 2019\projects\of_v0.11.0_vs2017_release\apps\myapps\infographie_v2\obj\x64\debug\infographie_v2.tlog\link.45468.delete.1.tlog
c:\users\sub-z\onedrive\documents\visual studio 2019\projects\of_v0.11.0_vs2017_release\apps\myapps\infographie_v2\obj\x64\debug\infographie_v2.tlog\link.47708.delete.1.tlog
c:\users\sub-z\onedrive\documents\visual studio 2019\projects\of_v0.11.0_vs2017_release\apps\myapps\infographie_v2\obj\x64\debug\infographie_v2.tlog\link.50224.delete.1.tlog
c:\users\sub-z\onedrive\documents\visual studio 2019\projects\of_v0.11.0_vs2017_release\apps\myapps\infographie_v2\obj\x64\debug\infographie_v2.tlog\link.51088.delete.1.tlog
c:\users\sub-z\onedrive\documents\visual studio 2019\projects\of_v0.11.0_vs2017_release\apps\myapps\infographie_v2\obj\x64\debug\infographie_v2.tlog\link.52136.delete.1.tlog
c:\users\sub-z\onedrive\documents\visual studio 2019\projects\of_v0.11.0_vs2017_release\apps\myapps\infographie_v2\obj\x64\debug\infographie_v2.tlog\link.52276.delete.1.tlog
c:\users\sub-z\onedrive\documents\visual studio 2019\projects\of_v0.11.0_vs2017_release\apps\myapps\infographie_v2\obj\x64\debug\infographie_v2.tlog\link.54064.delete.1.tlog
c:\users\sub-z\onedrive\documents\visual studio 2019\projects\of_v0.11.0_vs2017_release\apps\myapps\infographie_v2\obj\x64\debug\infographie_v2.tlog\link.58868.delete.1.tlog
c:\users\sub-z\onedrive\documents\visual studio 2019\projects\of_v0.11.0_vs2017_release\apps\myapps\infographie_v2\obj\x64\debug\infographie_v2.tlog\link.9436.delete.1.tlog
c:\users\sub-z\onedrive\documents\visual studio 2019\projects\of_v0.11.0_vs2017_release\apps\myapps\infographie_v2\obj\x64\debug\infographie_v2.tlog\link.command.1.tlog
c:\users\sub-z\onedrive\documents\visual studio 2019\projects\of_v0.11.0_vs2017_release\apps\myapps\infographie_v2\obj\x64\debug\infographie_v2.tlog\link.delete.1.tlog
c:\users\sub-z\onedrive\documents\visual studio 2019\projects\of_v0.11.0_vs2017_release\apps\myapps\infographie_v2\obj\x64\debug\infographie_v2.tlog\link.read.1.tlog
c:\users\sub-z\onedrive\documents\visual studio 2019\projects\of_v0.11.0_vs2017_release\apps\myapps\infographie_v2\obj\x64\debug\infographie_v2.tlog\link.write.1.tlog
c:\users\sub-z\onedrive\documents\visual studio 2019\projects\of_v0.11.0_vs2017_release\apps\myapps\infographie_v2\obj\x64\debug\infographie_v2.tlog\rc.command.1.tlog
c:\users\sub-z\onedrive\documents\visual studio 2019\projects\of_v0.11.0_vs2017_release\apps\myapps\infographie_v2\obj\x64\debug\infographie_v2.tlog\rc.read.1.tlog
c:\users\sub-z\onedrive\documents\visual studio 2019\projects\of_v0.11.0_vs2017_release\apps\myapps\infographie_v2\obj\x64\debug\infographie_v2.tlog\rc.write.1.tlog
